<?xml version="1.0" encoding="UTF-8"?>
<testsuite xmlns:xsi="http://www.w3.org/2001/XMLSchema-instance" xsi:noNamespaceSchemaLocation="https://maven.apache.org/surefire/maven-surefire-plugin/xsd/surefire-test-report.xsd" name="Produit.MedicamentTest" time="0" tests="4" errors="0" skipped="0" failures="0">
  <properties>
[...]
</properties>
  <testcase name="rabaisMax_5pourcent_6dollars_0dot3dollars" classname="Produit.MedicamentTest" time="0"/>
  <testcase name="rabaisMax_0pourcent_0dollar_0dollar" classname="Produit.MedicamentTest" time="0"/>
  <testcase name="rabaisMax_10pourcent_12dollars_1dot2dollars" classname="Produit.MedicamentTest" time="0"/>
  <testcase name="rabaisMax_moins1dollar_0Dollar" classname="Produit.MedicamentTest" time="0"/>
</testsuite>